{
  "reportversion": "1",
  "toxversion": "2.9.1",
  "platform": "darwin",
  "host": "somepersonslaptop.gateway",
  "testenvs": {
    "py36": {
      "setup": [
        {
          "command": [
            "/Users/anthonyshaw/repo/retox-2/.tox/py36/bin/pip",
            "install",
            "-U",
            "--no-deps",
            "/Users/anthonyshaw/repo/retox-2/.tox/dist/retox-1.1.1.zip"
          ],
          "output": "actionid: py36\nmsg: installpkg\ncmdargs: ['/Users/anthonyshaw/repo/retox-2/.tox/py36/bin/pip', 'install', '-U', '--no-deps', '/Users/anthonyshaw/repo/retox-2/.tox/dist/retox-1.1.1.zip']\n\nProcessing ./.tox/dist/retox-1.1.1.zip\nBuilding wheels for collected packages: retox\n  Running setup.py bdist_wheel for retox: started\n  Running setup.py bdist_wheel for retox: finished with status 'done'\n  Stored in directory: /Users/anthonyshaw/Library/Caches/pip/wheels/fb/05/c6/85a1f6ec0c683c14357073d27aca7072e0d12df3afeeb822ee\nSuccessfully built retox\nInstalling collected packages: retox\n  Found existing installation: retox 1.1.1\n    Not uninstalling retox at /Users/anthonyshaw/repo/retox-2, outside environment /Users/anthonyshaw/repo/retox-2/.tox/py36/bin/..\nSuccessfully installed retox-1.1.1\n",
          "retcode": "0"
        },
        {
          "command": [
            "/Users/anthonyshaw/repo/retox-2/.tox/py36/bin/pip",
            "install",
            "-U",
            "--no-deps",
            "/Users/anthonyshaw/repo/retox-2/.tox/dist/retox-1.1.1.zip"
          ],
          "output": "actionid: py36\nmsg: installpkg\ncmdargs: ['/Users/anthonyshaw/repo/retox-2/.tox/py36/bin/pip', 'install', '-U', '--no-deps', '/Users/anthonyshaw/repo/retox-2/.tox/dist/retox-1.1.1.zip']\n\nProcessing ./.tox/dist/retox-1.1.1.zip\nBuilding wheels for collected packages: retox\n  Running setup.py bdist_wheel for retox: started\n  Running setup.py bdist_wheel for retox: finished with status 'done'\n  Stored in directory: /Users/anthonyshaw/Library/Caches/pip/wheels/fb/05/c6/85a1f6ec0c683c14357073d27aca7072e0d12df3afeeb822ee\nSuccessfully built retox\nInstalling collected packages: retox\n  Found existing installation: retox 1.1.1\n    Not uninstalling retox at /Users/anthonyshaw/repo/retox-2, outside environment /Users/anthonyshaw/repo/retox-2/.tox/py36/bin/..\nSuccessfully installed retox-1.1.1\n",
          "retcode": "0"
        },
        {
          "command": [
            "/Users/anthonyshaw/repo/retox-2/.tox/py36/bin/pip",
            "install",
            "-U",
            "--no-deps",
            "/Users/anthonyshaw/repo/retox-2/.tox/dist/retox-1.1.1.zip"
          ],
          "output": "actionid: py36\nmsg: installpkg\ncmdargs: ['/Users/anthonyshaw/repo/retox-2/.tox/py36/bin/pip', 'install', '-U', '--no-deps', '/Users/anthonyshaw/repo/retox-2/.tox/dist/retox-1.1.1.zip']\n\nProcessing ./.tox/dist/retox-1.1.1.zip\nBuilding wheels for collected packages: retox\n  Running setup.py bdist_wheel for retox: started\n  Running setup.py bdist_wheel for retox: finished with status 'done'\n  Stored in directory: /Users/anthonyshaw/Library/Caches/pip/wheels/fb/05/c6/85a1f6ec0c683c14357073d27aca7072e0d12df3afeeb822ee\nSuccessfully built retox\nInstalling collected packages: retox\n  Found existing installation: retox 1.1.1\n    Not uninstalling retox at /Users/anthonyshaw/repo/retox-2, outside environment /Users/anthonyshaw/repo/retox-2/.tox/py36/bin/..\nSuccessfully installed retox-1.1.1\n",
          "retcode": "0"
        }
      ],
      "python": {
        "executable": "/Users/anthonyshaw/repo/retox-2/.tox/py36/bin/python",
        "version_info": [
          3,
          6,
          1,
          "final",
          0
        ],
        "version": "3.6.1 (v3.6.1:69c0db5050, Mar 21 2017, 01:21:04) \n[GCC 4.2.1 (Apple Inc. build 5666) (dot 3)]"
      },
      "test": [
        {
          "command": [
            "/Users/anthonyshaw/repo/retox-2/.tox/py36/bin/python",
            "setup.py",
            "test"
          ],
          "output": "actionid: py36\nmsg: runtests\ncmdargs: ['/Users/anthonyshaw/repo/retox-2/.tox/py36/bin/python', 'setup.py', 'test']\n\nrunning test\nSearching for asciimatics==1.9.0\nBest match: asciimatics 1.9.0\nProcessing asciimatics-1.9.0-py3.6.egg\n\nUsing /Users/anthonyshaw/repo/retox-2/.eggs/asciimatics-1.9.0-py3.6.egg\nSearching for eventlet==0.21.0\nBest match: eventlet 0.21.0\nProcessing eventlet-0.21.0-py3.6.egg\n\nUsing /Users/anthonyshaw/repo/retox-2/.eggs/eventlet-0.21.0-py3.6.egg\nSearching for tox==2.9.1\nBest match: tox 2.9.1\nProcessing tox-2.9.1-py3.6.egg\n\nUsing /Users/anthonyshaw/repo/retox-2/.eggs/tox-2.9.1-py3.6.egg\nSearching for wcwidth\nBest match: wcwidth 0.1.7\nProcessing wcwidth-0.1.7-py3.6.egg\n\nUsing /Users/anthonyshaw/repo/retox-2/.eggs/wcwidth-0.1.7-py3.6.egg\nSearching for pyfiglet>=0.7.2\nBest match: pyfiglet 0.7.5\nProcessing pyfiglet-0.7.5-py3.6.egg\n\nUsing /Users/anthonyshaw/repo/retox-2/.eggs/pyfiglet-0.7.5-py3.6.egg\nSearching for future\nBest match: future 0.16.0\nProcessing future-0.16.0-py3.6.egg\n\nUsing /Users/anthonyshaw/repo/retox-2/.eggs/future-0.16.0-py3.6.egg\nSearching for Pillow>=2.7.0\nBest match: Pillow 4.3.0\nProcessing Pillow-4.3.0-py3.6-macosx-10.6-intel.egg\n\nUsing /Users/anthonyshaw/repo/retox-2/.eggs/Pillow-4.3.0-py3.6-macosx-10.6-intel.egg\nSearching for greenlet>=0.3\nBest match: greenlet 0.4.12\nProcessing greenlet-0.4.12-py3.6-macosx-10.6-intel.egg\n\nUsing /Users/anthonyshaw/repo/retox-2/.eggs/greenlet-0.4.12-py3.6-macosx-10.6-intel.egg\nSearching for enum-compat\nBest match: enum-compat 0.0.2\nProcessing enum_compat-0.0.2-py3.6.egg\n\nUsing /Users/anthonyshaw/repo/retox-2/.eggs/enum_compat-0.0.2-py3.6.egg\nSearching for virtualenv>=1.11.2\nBest match: virtualenv 15.1.0\nProcessing virtualenv-15.1.0-py3.6.egg\n\nUsing /Users/anthonyshaw/repo/retox-2/.eggs/virtualenv-15.1.0-py3.6.egg\nSearching for six\nBest match: six 1.11.0\nProcessing six-1.11.0-py3.6.egg\n\nUsing /Users/anthonyshaw/repo/retox-2/.eggs/six-1.11.0-py3.6.egg\nSearching for py>=1.4.17\nBest match: py 1.5.2\nProcessing py-1.5.2-py3.6.egg\n\nUsing /Users/anthonyshaw/repo/retox-2/.eggs/py-1.5.2-py3.6.egg\nSearching for pluggy<1.0,>=0.3.0\nBest match: pluggy 0.6.0\nProcessing pluggy-0.6.0-py3.6.egg\n\nUsing /Users/anthonyshaw/repo/retox-2/.eggs/pluggy-0.6.0-py3.6.egg\nSearching for olefile\nBest match: olefile 0.44\nProcessing olefile-0.44-py3.6.egg\n\nUsing /Users/anthonyshaw/repo/retox-2/.eggs/olefile-0.44-py3.6.egg\nrunning egg_info\nwriting retox.egg-info/PKG-INFO\nwriting dependency_links to retox.egg-info/dependency_links.txt\nwriting entry points to retox.egg-info/entry_points.txt\nwriting requirements to retox.egg-info/requires.txt\nwriting top-level names to retox.egg-info/top_level.txt\nreading manifest file 'retox.egg-info/SOURCES.txt'\nreading manifest template 'MANIFEST.in'\nwarning: no files found matching 'AUTHORS.rst'\nwarning: no files found matching 'CONTRIBUTING.rst'\nwarning: no files found matching '*' under directory 'tests'\nwarning: no previously-included files matching '__pycache__' found under directory '*'\nwarning: no previously-included files matching '*.py[co]' found under directory '*'\nwarning: no files found matching '*.rst' under directory 'docs'\nwarning: no files found matching 'conf.py' under directory 'docs'\nwarning: no files found matching 'Makefile' under directory 'docs'\nwarning: no files found matching 'make.bat' under directory 'docs'\nwarning: no files found matching '*.jpg' under directory 'docs'\nwarning: no files found matching '*.png' under directory 'docs'\nwarning: no files found matching '*.gif' under directory 'docs'\nwriting manifest file 'retox.egg-info/SOURCES.txt'\nrunning build_ext\nservice (unittest.loader._FailedTest) ... ERROR\nui (unittest.loader._FailedTest) ... ERROR\nreporter (unittest.loader._FailedTest) ... ERROR\n__main__ (unittest.loader._FailedTest) ... ERROR\ntest_nothing (test.test_nothing.TestNothing) ... ok\n\n======================================================================\nERROR: service (unittest.loader._FailedTest)\n----------------------------------------------------------------------\nImportError: Failed to import test module: service\nTraceback (most recent call last):\n  File \"/Library/Frameworks/Python.framework/Versions/3.6/lib/python3.6/unittest/loader.py\", line 153, in loadTestsFromName\n    module = __import__(module_name)\n  File \"/Users/anthonyshaw/repo/retox-2/retox/service.py\", line 13, in <module>\n    from retox.reporter import RetoxReporter\n  File \"/Users/anthonyshaw/repo/retox-2/retox/reporter.py\", line 7, in <module>\n    from asciimatics.screen import Screen\n  File \"/Users/anthonyshaw/repo/retox-2/.eggs/asciimatics-1.9.0-py3.6.egg/asciimatics/screen.py\", line 24, in <module>\n    from asciimatics.event import KeyboardEvent, MouseEvent\nModuleNotFoundError: No module named 'asciimatics.event'\n\n\n======================================================================\nERROR: ui (unittest.loader._FailedTest)\n----------------------------------------------------------------------\nImportError: Failed to import test module: ui\nTraceback (most recent call last):\n  File \"/Library/Frameworks/Python.framework/Versions/3.6/lib/python3.6/unittest/loader.py\", line 153, in loadTestsFromName\n    module = __import__(module_name)\n  File \"/Users/anthonyshaw/repo/retox-2/retox/ui.py\", line 3, in <module>\n    import asciimatics.widgets as widgets\n  File \"/Users/anthonyshaw/repo/retox-2/.eggs/asciimatics-1.9.0-py3.6.egg/asciimatics/widgets.py\", line 24, in <module>\n    from asciimatics.effects import Effect\nModuleNotFoundError: No module named 'asciimatics.effects'\n\n\n======================================================================\nERROR: reporter (unittest.loader._FailedTest)\n----------------------------------------------------------------------\nImportError: Failed to import test module: reporter\nTraceback (most recent call last):\n  File \"/Library/Frameworks/Python.framework/Versions/3.6/lib/python3.6/unittest/loader.py\", line 153, in loadTestsFromName\n    module = __import__(module_name)\n  File \"/Users/anthonyshaw/repo/retox-2/retox/reporter.py\", line 7, in <module>\n    from asciimatics.screen import Screen\n  File \"/Users/anthonyshaw/repo/retox-2/.eggs/asciimatics-1.9.0-py3.6.egg/asciimatics/screen.py\", line 24, in <module>\n    from asciimatics.event import KeyboardEvent, MouseEvent\nModuleNotFoundError: No module named 'asciimatics.event'\n\n\n======================================================================\nERROR: __main__ (unittest.loader._FailedTest)\n----------------------------------------------------------------------\nImportError: Failed to import test module: __main__\nTraceback (most recent call last):\n  File \"/Library/Frameworks/Python.framework/Versions/3.6/lib/python3.6/unittest/loader.py\", line 153, in loadTestsFromName\n    module = __import__(module_name)\n  File \"/Users/anthonyshaw/repo/retox-2/retox/__main__.py\", line 11, in <module>\n    from asciimatics.screen import Screen\n  File \"/Users/anthonyshaw/repo/retox-2/.eggs/asciimatics-1.9.0-py3.6.egg/asciimatics/screen.py\", line 24, in <module>\n    from asciimatics.event import KeyboardEvent, MouseEvent\nModuleNotFoundError: No module named 'asciimatics.event'\n\n\n----------------------------------------------------------------------\nRan 5 tests in 0.001s\n\nFAILED (errors=4)\nTest failed: <unittest.runner.TextTestResult run=5 errors=4 failures=0>\nerror: Test failed: <unittest.runner.TextTestResult run=5 errors=4 failures=0>\n",
          "retcode": "1"
        },
        {
          "command": [
            "/Users/anthonyshaw/repo/retox-2/.tox/py36/bin/python",
            "setup.py",
            "test"
          ],
          "output": "actionid: py36\nmsg: runtests\ncmdargs: ['/Users/anthonyshaw/repo/retox-2/.tox/py36/bin/python', 'setup.py', 'test']\n\nrunning test\nSearching for asciimatics==1.9.0\nBest match: asciimatics 1.9.0\nProcessing asciimatics-1.9.0-py3.6.egg\n\nUsing /Users/anthonyshaw/repo/retox-2/.eggs/asciimatics-1.9.0-py3.6.egg\nSearching for eventlet==0.21.0\nBest match: eventlet 0.21.0\nProcessing eventlet-0.21.0-py3.6.egg\n\nUsing /Users/anthonyshaw/repo/retox-2/.eggs/eventlet-0.21.0-py3.6.egg\nSearching for tox==2.9.1\nBest match: tox 2.9.1\nProcessing tox-2.9.1-py3.6.egg\n\nUsing /Users/anthonyshaw/repo/retox-2/.eggs/tox-2.9.1-py3.6.egg\nSearching for wcwidth\nBest match: wcwidth 0.1.7\nProcessing wcwidth-0.1.7-py3.6.egg\n\nUsing /Users/anthonyshaw/repo/retox-2/.eggs/wcwidth-0.1.7-py3.6.egg\nSearching for pyfiglet>=0.7.2\nBest match: pyfiglet 0.7.5\nProcessing pyfiglet-0.7.5-py3.6.egg\n\nUsing /Users/anthonyshaw/repo/retox-2/.eggs/pyfiglet-0.7.5-py3.6.egg\nSearching for future\nBest match: future 0.16.0\nProcessing future-0.16.0-py3.6.egg\n\nUsing /Users/anthonyshaw/repo/retox-2/.eggs/future-0.16.0-py3.6.egg\nSearching for Pillow>=2.7.0\nBest match: Pillow 4.3.0\nProcessing Pillow-4.3.0-py3.6-macosx-10.6-intel.egg\n\nUsing /Users/anthonyshaw/repo/retox-2/.eggs/Pillow-4.3.0-py3.6-macosx-10.6-intel.egg\nSearching for greenlet>=0.3\nBest match: greenlet 0.4.12\nProcessing greenlet-0.4.12-py3.6-macosx-10.6-intel.egg\n\nUsing /Users/anthonyshaw/repo/retox-2/.eggs/greenlet-0.4.12-py3.6-macosx-10.6-intel.egg\nSearching for enum-compat\nBest match: enum-compat 0.0.2\nProcessing enum_compat-0.0.2-py3.6.egg\n\nUsing /Users/anthonyshaw/repo/retox-2/.eggs/enum_compat-0.0.2-py3.6.egg\nSearching for virtualenv>=1.11.2\nBest match: virtualenv 15.1.0\nProcessing virtualenv-15.1.0-py3.6.egg\n\nUsing /Users/anthonyshaw/repo/retox-2/.eggs/virtualenv-15.1.0-py3.6.egg\nSearching for six\nBest match: six 1.11.0\nProcessing six-1.11.0-py3.6.egg\n\nUsing /Users/anthonyshaw/repo/retox-2/.eggs/six-1.11.0-py3.6.egg\nSearching for py>=1.4.17\nBest match: py 1.5.2\nProcessing py-1.5.2-py3.6.egg\n\nUsing /Users/anthonyshaw/repo/retox-2/.eggs/py-1.5.2-py3.6.egg\nSearching for pluggy<1.0,>=0.3.0\nBest match: pluggy 0.6.0\nProcessing pluggy-0.6.0-py3.6.egg\n\nUsing /Users/anthonyshaw/repo/retox-2/.eggs/pluggy-0.6.0-py3.6.egg\nSearching for olefile\nBest match: olefile 0.44\nProcessing olefile-0.44-py3.6.egg\n\nUsing /Users/anthonyshaw/repo/retox-2/.eggs/olefile-0.44-py3.6.egg\nrunning egg_info\nwriting retox.egg-info/PKG-INFO\nwriting dependency_links to retox.egg-info/dependency_links.txt\nwriting entry points to retox.egg-info/entry_points.txt\nwriting requirements to retox.egg-info/requires.txt\nwriting top-level names to retox.egg-info/top_level.txt\nreading manifest file 'retox.egg-info/SOURCES.txt'\nreading manifest template 'MANIFEST.in'\nwarning: no files found matching 'AUTHORS.rst'\nwarning: no files found matching 'CONTRIBUTING.rst'\nwarning: no files found matching '*' under directory 'tests'\nwarning: no previously-included files matching '__pycache__' found under directory '*'\nwarning: no previously-included files matching '*.py[co]' found under directory '*'\nwarning: no files found matching '*.rst' under directory 'docs'\nwarning: no files found matching 'conf.py' under directory 'docs'\nwarning: no files found matching 'Makefile' under directory 'docs'\nwarning: no files found matching 'make.bat' under directory 'docs'\nwarning: no files found matching '*.jpg' under directory 'docs'\nwarning: no files found matching '*.png' under directory 'docs'\nwarning: no files found matching '*.gif' under directory 'docs'\nwriting manifest file 'retox.egg-info/SOURCES.txt'\nrunning build_ext\nservice (unittest.loader._FailedTest) ... ERROR\nui (unittest.loader._FailedTest) ... ERROR\nreporter (unittest.loader._FailedTest) ... ERROR\n__main__ (unittest.loader._FailedTest) ... ERROR\ntest_nothing (test.test_nothing.TestNothing) ... ok\n\n======================================================================\nERROR: service (unittest.loader._FailedTest)\n----------------------------------------------------------------------\nImportError: Failed to import test module: service\nTraceback (most recent call last):\n  File \"/Library/Frameworks/Python.framework/Versions/3.6/lib/python3.6/unittest/loader.py\", line 153, in loadTestsFromName\n    module = __import__(module_name)\n  File \"/Users/anthonyshaw/repo/retox-2/retox/service.py\", line 13, in <module>\n    from retox.reporter import RetoxReporter\n  File \"/Users/anthonyshaw/repo/retox-2/retox/reporter.py\", line 7, in <module>\n    from asciimatics.screen import Screen\n  File \"/Users/anthonyshaw/repo/retox-2/.eggs/asciimatics-1.9.0-py3.6.egg/asciimatics/screen.py\", line 24, in <module>\n    from asciimatics.event import KeyboardEvent, MouseEvent\nModuleNotFoundError: No module named 'asciimatics.event'\n\n\n======================================================================\nERROR: ui (unittest.loader._FailedTest)\n----------------------------------------------------------------------\nImportError: Failed to import test module: ui\nTraceback (most recent call last):\n  File \"/Library/Frameworks/Python.framework/Versions/3.6/lib/python3.6/unittest/loader.py\", line 153, in loadTestsFromName\n    module = __import__(module_name)\n  File \"/Users/anthonyshaw/repo/retox-2/retox/ui.py\", line 3, in <module>\n    import asciimatics.widgets as widgets\n  File \"/Users/anthonyshaw/repo/retox-2/.eggs/asciimatics-1.9.0-py3.6.egg/asciimatics/widgets.py\", line 24, in <module>\n    from asciimatics.effects import Effect\nModuleNotFoundError: No module named 'asciimatics.effects'\n\n\n======================================================================\nERROR: reporter (unittest.loader._FailedTest)\n----------------------------------------------------------------------\nImportError: Failed to import test module: reporter\nTraceback (most recent call last):\n  File \"/Library/Frameworks/Python.framework/Versions/3.6/lib/python3.6/unittest/loader.py\", line 153, in loadTestsFromName\n    module = __import__(module_name)\n  File \"/Users/anthonyshaw/repo/retox-2/retox/reporter.py\", line 7, in <module>\n    from asciimatics.screen import Screen\n  File \"/Users/anthonyshaw/repo/retox-2/.eggs/asciimatics-1.9.0-py3.6.egg/asciimatics/screen.py\", line 24, in <module>\n    from asciimatics.event import KeyboardEvent, MouseEvent\nModuleNotFoundError: No module named 'asciimatics.event'\n\n\n======================================================================\nERROR: __main__ (unittest.loader._FailedTest)\n----------------------------------------------------------------------\nImportError: Failed to import test module: __main__\nTraceback (most recent call last):\n  File \"/Library/Frameworks/Python.framework/Versions/3.6/lib/python3.6/unittest/loader.py\", line 153, in loadTestsFromName\n    module = __import__(module_name)\n  File \"/Users/anthonyshaw/repo/retox-2/retox/__main__.py\", line 11, in <module>\n    from asciimatics.screen import Screen\n  File \"/Users/anthonyshaw/repo/retox-2/.eggs/asciimatics-1.9.0-py3.6.egg/asciimatics/screen.py\", line 24, in <module>\n    from asciimatics.event import KeyboardEvent, MouseEvent\nModuleNotFoundError: No module named 'asciimatics.event'\n\n\n----------------------------------------------------------------------\nRan 5 tests in 0.001s\n\nFAILED (errors=4)\nTest failed: <unittest.runner.TextTestResult run=5 errors=4 failures=0>\nerror: Test failed: <unittest.runner.TextTestResult run=5 errors=4 failures=0>\n",
          "retcode": "1"
        },
        {
          "command": [
            "/Users/anthonyshaw/repo/retox-2/.tox/py36/bin/python",
            "setup.py",
            "test"
          ],
          "output": "actionid: py36\nmsg: runtests\ncmdargs: ['/Users/anthonyshaw/repo/retox-2/.tox/py36/bin/python', 'setup.py', 'test']\n\nrunning test\nSearching for asciimatics==1.9.0\nBest match: asciimatics 1.9.0\nProcessing asciimatics-1.9.0-py3.6.egg\n\nUsing /Users/anthonyshaw/repo/retox-2/.eggs/asciimatics-1.9.0-py3.6.egg\nSearching for eventlet==0.21.0\nBest match: eventlet 0.21.0\nProcessing eventlet-0.21.0-py3.6.egg\n\nUsing /Users/anthonyshaw/repo/retox-2/.eggs/eventlet-0.21.0-py3.6.egg\nSearching for tox==2.9.1\nBest match: tox 2.9.1\nProcessing tox-2.9.1-py3.6.egg\n\nUsing /Users/anthonyshaw/repo/retox-2/.eggs/tox-2.9.1-py3.6.egg\nSearching for wcwidth\nBest match: wcwidth 0.1.7\nProcessing wcwidth-0.1.7-py3.6.egg\n\nUsing /Users/anthonyshaw/repo/retox-2/.eggs/wcwidth-0.1.7-py3.6.egg\nSearching for pyfiglet>=0.7.2\nBest match: pyfiglet 0.7.5\nProcessing pyfiglet-0.7.5-py3.6.egg\n\nUsing /Users/anthonyshaw/repo/retox-2/.eggs/pyfiglet-0.7.5-py3.6.egg\nSearching for future\nBest match: future 0.16.0\nProcessing future-0.16.0-py3.6.egg\n\nUsing /Users/anthonyshaw/repo/retox-2/.eggs/future-0.16.0-py3.6.egg\nSearching for Pillow>=2.7.0\nBest match: Pillow 4.3.0\nProcessing Pillow-4.3.0-py3.6-macosx-10.6-intel.egg\n\nUsing /Users/anthonyshaw/repo/retox-2/.eggs/Pillow-4.3.0-py3.6-macosx-10.6-intel.egg\nSearching for greenlet>=0.3\nBest match: greenlet 0.4.12\nProcessing greenlet-0.4.12-py3.6-macosx-10.6-intel.egg\n\nUsing /Users/anthonyshaw/repo/retox-2/.eggs/greenlet-0.4.12-py3.6-macosx-10.6-intel.egg\nSearching for enum-compat\nBest match: enum-compat 0.0.2\nProcessing enum_compat-0.0.2-py3.6.egg\n\nUsing /Users/anthonyshaw/repo/retox-2/.eggs/enum_compat-0.0.2-py3.6.egg\nSearching for virtualenv>=1.11.2\nBest match: virtualenv 15.1.0\nProcessing virtualenv-15.1.0-py3.6.egg\n\nUsing /Users/anthonyshaw/repo/retox-2/.eggs/virtualenv-15.1.0-py3.6.egg\nSearching for six\nBest match: six 1.11.0\nProcessing six-1.11.0-py3.6.egg\n\nUsing /Users/anthonyshaw/repo/retox-2/.eggs/six-1.11.0-py3.6.egg\nSearching for py>=1.4.17\nBest match: py 1.5.2\nProcessing py-1.5.2-py3.6.egg\n\nUsing /Users/anthonyshaw/repo/retox-2/.eggs/py-1.5.2-py3.6.egg\nSearching for pluggy<1.0,>=0.3.0\nBest match: pluggy 0.6.0\nProcessing pluggy-0.6.0-py3.6.egg\n\nUsing /Users/anthonyshaw/repo/retox-2/.eggs/pluggy-0.6.0-py3.6.egg\nSearching for olefile\nBest match: olefile 0.44\nProcessing olefile-0.44-py3.6.egg\n\nUsing /Users/anthonyshaw/repo/retox-2/.eggs/olefile-0.44-py3.6.egg\nrunning egg_info\nwriting retox.egg-info/PKG-INFO\nwriting dependency_links to retox.egg-info/dependency_links.txt\nwriting entry points to retox.egg-info/entry_points.txt\nwriting requirements to retox.egg-info/requires.txt\nwriting top-level names to retox.egg-info/top_level.txt\nreading manifest file 'retox.egg-info/SOURCES.txt'\nreading manifest template 'MANIFEST.in'\nwarning: no files found matching 'AUTHORS.rst'\nwarning: no files found matching 'CONTRIBUTING.rst'\nwarning: no files found matching '*' under directory 'tests'\nwarning: no previously-included files matching '__pycache__' found under directory '*'\nwarning: no previously-included files matching '*.py[co]' found under directory '*'\nwarning: no files found matching '*.rst' under directory 'docs'\nwarning: no files found matching 'conf.py' under directory 'docs'\nwarning: no files found matching 'Makefile' under directory 'docs'\nwarning: no files found matching 'make.bat' under directory 'docs'\nwarning: no files found matching '*.jpg' under directory 'docs'\nwarning: no files found matching '*.png' under directory 'docs'\nwarning: no files found matching '*.gif' under directory 'docs'\nwriting manifest file 'retox.egg-info/SOURCES.txt'\nrunning build_ext\nservice (unittest.loader._FailedTest) ... ERROR\nui (unittest.loader._FailedTest) ... ERROR\nreporter (unittest.loader._FailedTest) ... ERROR\n__main__ (unittest.loader._FailedTest) ... ERROR\ntest_nothing (test.test_nothing.TestNothing) ... ok\n\n======================================================================\nERROR: service (unittest.loader._FailedTest)\n----------------------------------------------------------------------\nImportError: Failed to import test module: service\nTraceback (most recent call last):\n  File \"/Library/Frameworks/Python.framework/Versions/3.6/lib/python3.6/unittest/loader.py\", line 153, in loadTestsFromName\n    module = __import__(module_name)\n  File \"/Users/anthonyshaw/repo/retox-2/retox/service.py\", line 13, in <module>\n    from retox.reporter import RetoxReporter\n  File \"/Users/anthonyshaw/repo/retox-2/retox/reporter.py\", line 7, in <module>\n    from asciimatics.screen import Screen\n  File \"/Users/anthonyshaw/repo/retox-2/.eggs/asciimatics-1.9.0-py3.6.egg/asciimatics/screen.py\", line 24, in <module>\n    from asciimatics.event import KeyboardEvent, MouseEvent\nModuleNotFoundError: No module named 'asciimatics.event'\n\n\n======================================================================\nERROR: ui (unittest.loader._FailedTest)\n----------------------------------------------------------------------\nImportError: Failed to import test module: ui\nTraceback (most recent call last):\n  File \"/Library/Frameworks/Python.framework/Versions/3.6/lib/python3.6/unittest/loader.py\", line 153, in loadTestsFromName\n    module = __import__(module_name)\n  File \"/Users/anthonyshaw/repo/retox-2/retox/ui.py\", line 3, in <module>\n    import asciimatics.widgets as widgets\n  File \"/Users/anthonyshaw/repo/retox-2/.eggs/asciimatics-1.9.0-py3.6.egg/asciimatics/widgets.py\", line 24, in <module>\n    from asciimatics.effects import Effect\nModuleNotFoundError: No module named 'asciimatics.effects'\n\n\n======================================================================\nERROR: reporter (unittest.loader._FailedTest)\n----------------------------------------------------------------------\nImportError: Failed to import test module: reporter\nTraceback (most recent call last):\n  File \"/Library/Frameworks/Python.framework/Versions/3.6/lib/python3.6/unittest/loader.py\", line 153, in loadTestsFromName\n    module = __import__(module_name)\n  File \"/Users/anthonyshaw/repo/retox-2/retox/reporter.py\", line 7, in <module>\n    from asciimatics.screen import Screen\n  File \"/Users/anthonyshaw/repo/retox-2/.eggs/asciimatics-1.9.0-py3.6.egg/asciimatics/screen.py\", line 24, in <module>\n    from asciimatics.event import KeyboardEvent, MouseEvent\nModuleNotFoundError: No module named 'asciimatics.event'\n\n\n======================================================================\nERROR: __main__ (unittest.loader._FailedTest)\n----------------------------------------------------------------------\nImportError: Failed to import test module: __main__\nTraceback (most recent call last):\n  File \"/Library/Frameworks/Python.framework/Versions/3.6/lib/python3.6/unittest/loader.py\", line 153, in loadTestsFromName\n    module = __import__(module_name)\n  File \"/Users/anthonyshaw/repo/retox-2/retox/__main__.py\", line 11, in <module>\n    from asciimatics.screen import Screen\n  File \"/Users/anthonyshaw/repo/retox-2/.eggs/asciimatics-1.9.0-py3.6.egg/asciimatics/screen.py\", line 24, in <module>\n    from asciimatics.event import KeyboardEvent, MouseEvent\nModuleNotFoundError: No module named 'asciimatics.event'\n\n\n----------------------------------------------------------------------\nRan 5 tests in 0.001s\n\nFAILED (errors=4)\nTest failed: <unittest.runner.TextTestResult run=5 errors=4 failures=0>\nerror: Test failed: <unittest.runner.TextTestResult run=5 errors=4 failures=0>\n",
          "retcode": "1"
        }
      ]
    },
    "GLOB": {
      "setup": [
        {
          "command": [
            "/Users/anthonyshaw/repo/retox-2/bin/python",
            "/Users/anthonyshaw/repo/retox-2/setup.py",
            "sdist",
            "--formats=zip",
            "--dist-dir",
            "/Users/anthonyshaw/repo/retox-2/.tox/dist"
          ],
          "output": "actionid: tox\nmsg: packaging\ncmdargs: ['/Users/anthonyshaw/repo/retox-2/bin/python', local('/Users/anthonyshaw/repo/retox-2/setup.py'), 'sdist', '--formats=zip', '--dist-dir', local('/Users/anthonyshaw/repo/retox-2/.tox/dist')]\n\nrunning sdist\nrunning egg_info\nwriting retox.egg-info/PKG-INFO\nwriting dependency_links to retox.egg-info/dependency_links.txt\nwriting entry points to retox.egg-info/entry_points.txt\nwriting requirements to retox.egg-info/requires.txt\nwriting top-level names to retox.egg-info/top_level.txt\nreading manifest file 'retox.egg-info/SOURCES.txt'\nreading manifest template 'MANIFEST.in'\nwarning: no files found matching 'AUTHORS.rst'\nwarning: no files found matching 'CONTRIBUTING.rst'\nwarning: no files found matching '*' under directory 'tests'\nwarning: no previously-included files matching '__pycache__' found under directory '*'\nwarning: no previously-included files matching '*.py[co]' found under directory '*'\nwarning: no files found matching '*.rst' under directory 'docs'\nwarning: no files found matching 'conf.py' under directory 'docs'\nwarning: no files found matching 'Makefile' under directory 'docs'\nwarning: no files found matching 'make.bat' under directory 'docs'\nwarning: no files found matching '*.jpg' under directory 'docs'\nwarning: no files found matching '*.png' under directory 'docs'\nwarning: no files found matching '*.gif' under directory 'docs'\nwriting manifest file 'retox.egg-info/SOURCES.txt'\nrunning check\nwarning: check: missing meta-data: if 'author' supplied, 'author_email' must be supplied too\n\ncreating retox-1.1.1\ncreating retox-1.1.1/retox\ncreating retox-1.1.1/retox.egg-info\ncreating retox-1.1.1/test\ncopying files to retox-1.1.1...\ncopying HISTORY.rst -> retox-1.1.1\ncopying LICENSE -> retox-1.1.1\ncopying MANIFEST.in -> retox-1.1.1\ncopying README.rst -> retox-1.1.1\ncopying setup.py -> retox-1.1.1\ncopying retox/__init__.py -> retox-1.1.1/retox\ncopying retox/__main__.py -> retox-1.1.1/retox\ncopying retox/log.py -> retox-1.1.1/retox\ncopying retox/proclimit.py -> retox-1.1.1/retox\ncopying retox/reporter.py -> retox-1.1.1/retox\ncopying retox/service.py -> retox-1.1.1/retox\ncopying retox/ui.py -> retox-1.1.1/retox\ncopying retox/watch.py -> retox-1.1.1/retox\ncopying retox.egg-info/PKG-INFO -> retox-1.1.1/retox.egg-info\ncopying retox.egg-info/SOURCES.txt -> retox-1.1.1/retox.egg-info\ncopying retox.egg-info/dependency_links.txt -> retox-1.1.1/retox.egg-info\ncopying retox.egg-info/entry_points.txt -> retox-1.1.1/retox.egg-info\ncopying retox.egg-info/requires.txt -> retox-1.1.1/retox.egg-info\ncopying retox.egg-info/top_level.txt -> retox-1.1.1/retox.egg-info\ncopying test/test_nothing.py -> retox-1.1.1/test\nWriting retox-1.1.1/setup.cfg\ncreating '.tox/dist/retox-1.1.1.zip' and adding 'retox-1.1.1' to it\nadding 'retox-1.1.1/PKG-INFO'\nadding 'retox-1.1.1/LICENSE'\nadding 'retox-1.1.1/MANIFEST.in'\nadding 'retox-1.1.1/setup.py'\nadding 'retox-1.1.1/HISTORY.rst'\nadding 'retox-1.1.1/setup.cfg'\nadding 'retox-1.1.1/README.rst'\nadding 'retox-1.1.1/test/test_nothing.py'\nadding 'retox-1.1.1/retox/service.py'\nadding 'retox-1.1.1/retox/log.py'\nadding 'retox-1.1.1/retox/ui.py'\nadding 'retox-1.1.1/retox/proclimit.py'\nadding 'retox-1.1.1/retox/reporter.py'\nadding 'retox-1.1.1/retox/__init__.py'\nadding 'retox-1.1.1/retox/watch.py'\nadding 'retox-1.1.1/retox/__main__.py'\nadding 'retox-1.1.1/retox.egg-info/PKG-INFO'\nadding 'retox-1.1.1/retox.egg-info/SOURCES.txt'\nadding 'retox-1.1.1/retox.egg-info/entry_points.txt'\nadding 'retox-1.1.1/retox.egg-info/requires.txt'\nadding 'retox-1.1.1/retox.egg-info/top_level.txt'\nadding 'retox-1.1.1/retox.egg-info/dependency_links.txt'\nremoving 'retox-1.1.1' (and everything under it)\n",
          "retcode": "0"
        }
      ]
    },
    "py27": {
      "setup": [
        {
          "command": [
            "/Users/anthonyshaw/repo/retox-2/.tox/py27/bin/pip",
            "install",
            "-U",
            "--no-deps",
            "/Users/anthonyshaw/repo/retox-2/.tox/dist/retox-1.1.1.zip"
          ],
          "output": "actionid: py27\nmsg: installpkg\ncmdargs: ['/Users/anthonyshaw/repo/retox-2/.tox/py27/bin/pip', 'install', '-U', '--no-deps', '/Users/anthonyshaw/repo/retox-2/.tox/dist/retox-1.1.1.zip']\n\nProcessing ./.tox/dist/retox-1.1.1.zip\nBuilding wheels for collected packages: retox\n  Running setup.py bdist_wheel for retox: started\n  Running setup.py bdist_wheel for retox: finished with status 'done'\n  Stored in directory: /Users/anthonyshaw/Library/Caches/pip/wheels/fb/05/c6/85a1f6ec0c683c14357073d27aca7072e0d12df3afeeb822ee\nSuccessfully built retox\nInstalling collected packages: retox\n  Found existing installation: retox 1.1.1\n    Not uninstalling retox at /Users/anthonyshaw/repo/retox-2, outside environment /Users/anthonyshaw/repo/retox-2/.tox/py27\nSuccessfully installed retox-1.1.1\n",
          "retcode": "0"
        },
        {
          "command": [
            "/Users/anthonyshaw/repo/retox-2/.tox/py27/bin/pip",
            "install",
            "-U",
            "--no-deps",
            "/Users/anthonyshaw/repo/retox-2/.tox/dist/retox-1.1.1.zip"
          ],
          "output": "actionid: py27\nmsg: installpkg\ncmdargs: ['/Users/anthonyshaw/repo/retox-2/.tox/py27/bin/pip', 'install', '-U', '--no-deps', '/Users/anthonyshaw/repo/retox-2/.tox/dist/retox-1.1.1.zip']\n\nProcessing ./.tox/dist/retox-1.1.1.zip\nBuilding wheels for collected packages: retox\n  Running setup.py bdist_wheel for retox: started\n  Running setup.py bdist_wheel for retox: finished with status 'done'\n  Stored in directory: /Users/anthonyshaw/Library/Caches/pip/wheels/fb/05/c6/85a1f6ec0c683c14357073d27aca7072e0d12df3afeeb822ee\nSuccessfully built retox\nInstalling collected packages: retox\n  Found existing installation: retox 1.1.1\n    Not uninstalling retox at /Users/anthonyshaw/repo/retox-2, outside environment /Users/anthonyshaw/repo/retox-2/.tox/py27\nSuccessfully installed retox-1.1.1\n",
          "retcode": "0"
        },
        {
          "command": [
            "/Users/anthonyshaw/repo/retox-2/.tox/py27/bin/pip",
            "install",
            "-U",
            "--no-deps",
            "/Users/anthonyshaw/repo/retox-2/.tox/dist/retox-1.1.1.zip"
          ],
          "output": "actionid: py27\nmsg: installpkg\ncmdargs: ['/Users/anthonyshaw/repo/retox-2/.tox/py27/bin/pip', 'install', '-U', '--no-deps', '/Users/anthonyshaw/repo/retox-2/.tox/dist/retox-1.1.1.zip']\n\nProcessing ./.tox/dist/retox-1.1.1.zip\nBuilding wheels for collected packages: retox\n  Running setup.py bdist_wheel for retox: started\n  Running setup.py bdist_wheel for retox: finished with status 'done'\n  Stored in directory: /Users/anthonyshaw/Library/Caches/pip/wheels/fb/05/c6/85a1f6ec0c683c14357073d27aca7072e0d12df3afeeb822ee\nSuccessfully built retox\nInstalling collected packages: retox\n  Found existing installation: retox 1.1.1\n    Not uninstalling retox at /Users/anthonyshaw/repo/retox-2, outside environment /Users/anthonyshaw/repo/retox-2/.tox/py27\nSuccessfully installed retox-1.1.1\n",
          "retcode": "0"
        }
      ],
      "python": {
        "executable": "/Users/anthonyshaw/repo/retox-2/.tox/py27/bin/python",
        "version_info": [
          2,
          7,
          10,
          "final",
          0
        ],
        "version": "2.7.10 (default, Jul 15 2017, 17:16:57) \n[GCC 4.2.1 Compatible Apple LLVM 9.0.0 (clang-900.0.31)]"
      },
      "test": [
        {
          "command": [
            "/Users/anthonyshaw/repo/retox-2/.tox/py27/bin/python",
            "setup.py",
            "test"
          ],
          "output": "actionid: py27\nmsg: runtests\ncmdargs: ['/Users/anthonyshaw/repo/retox-2/.tox/py27/bin/python', 'setup.py', 'test']\n\nrunning test\nrunning egg_info\nwriting retox.egg-info/PKG-INFO\nwriting dependency_links to retox.egg-info/dependency_links.txt\nwriting entry points to retox.egg-info/entry_points.txt\nwriting requirements to retox.egg-info/requires.txt\nwriting top-level names to retox.egg-info/top_level.txt\nreading manifest file 'retox.egg-info/SOURCES.txt'\nreading manifest template 'MANIFEST.in'\nwarning: no files found matching 'AUTHORS.rst'\nwarning: no files found matching 'CONTRIBUTING.rst'\nwarning: no files found matching '*' under directory 'tests'\nwarning: no previously-included files matching '__pycache__' found under directory '*'\nwarning: no previously-included files matching '*.py[co]' found under directory '*'\nwarning: no files found matching '*.rst' under directory 'docs'\nwarning: no files found matching 'conf.py' under directory 'docs'\nwarning: no files found matching 'Makefile' under directory 'docs'\nwarning: no files found matching 'make.bat' under directory 'docs'\nwarning: no files found matching '*.jpg' under directory 'docs'\nwarning: no files found matching '*.png' under directory 'docs'\nwarning: no files found matching '*.gif' under directory 'docs'\nwriting manifest file 'retox.egg-info/SOURCES.txt'\nrunning build_ext\ntest_nothing (test.test_nothing.TestNothing) ... ok\n\n----------------------------------------------------------------------\nRan 1 test in 0.000s\n\nOK\n",
          "retcode": "0"
        },
        {
          "command": [
            "/Users/anthonyshaw/repo/retox-2/.tox/py27/bin/python",
            "setup.py",
            "test"
          ],
          "output": "actionid: py27\nmsg: runtests\ncmdargs: ['/Users/anthonyshaw/repo/retox-2/.tox/py27/bin/python', 'setup.py', 'test']\n\nrunning test\nrunning egg_info\nwriting retox.egg-info/PKG-INFO\nwriting dependency_links to retox.egg-info/dependency_links.txt\nwriting entry points to retox.egg-info/entry_points.txt\nwriting requirements to retox.egg-info/requires.txt\nwriting top-level names to retox.egg-info/top_level.txt\nreading manifest file 'retox.egg-info/SOURCES.txt'\nreading manifest template 'MANIFEST.in'\nwarning: no files found matching 'AUTHORS.rst'\nwarning: no files found matching 'CONTRIBUTING.rst'\nwarning: no files found matching '*' under directory 'tests'\nwarning: no previously-included files matching '__pycache__' found under directory '*'\nwarning: no previously-included files matching '*.py[co]' found under directory '*'\nwarning: no files found matching '*.rst' under directory 'docs'\nwarning: no files found matching 'conf.py' under directory 'docs'\nwarning: no files found matching 'Makefile' under directory 'docs'\nwarning: no files found matching 'make.bat' under directory 'docs'\nwarning: no files found matching '*.jpg' under directory 'docs'\nwarning: no files found matching '*.png' under directory 'docs'\nwarning: no files found matching '*.gif' under directory 'docs'\nwriting manifest file 'retox.egg-info/SOURCES.txt'\nrunning build_ext\ntest_nothing (test.test_nothing.TestNothing) ... ok\n\n----------------------------------------------------------------------\nRan 1 test in 0.000s\n\nOK\n",
          "retcode": "0"
        },
        {
          "command": [
            "/Users/anthonyshaw/repo/retox-2/.tox/py27/bin/python",
            "setup.py",
            "test"
          ],
          "output": "actionid: py27\nmsg: runtests\ncmdargs: ['/Users/anthonyshaw/repo/retox-2/.tox/py27/bin/python', 'setup.py', 'test']\n\nrunning test\nrunning egg_info\nwriting retox.egg-info/PKG-INFO\nwriting dependency_links to retox.egg-info/dependency_links.txt\nwriting entry points to retox.egg-info/entry_points.txt\nwriting requirements to retox.egg-info/requires.txt\nwriting top-level names to retox.egg-info/top_level.txt\nreading manifest file 'retox.egg-info/SOURCES.txt'\nreading manifest template 'MANIFEST.in'\nwarning: no files found matching 'AUTHORS.rst'\nwarning: no files found matching 'CONTRIBUTING.rst'\nwarning: no files found matching '*' under directory 'tests'\nwarning: no previously-included files matching '__pycache__' found under directory '*'\nwarning: no previously-included files matching '*.py[co]' found under directory '*'\nwarning: no files found matching '*.rst' under directory 'docs'\nwarning: no files found matching 'conf.py' under directory 'docs'\nwarning: no files found matching 'Makefile' under directory 'docs'\nwarning: no files found matching 'make.bat' under directory 'docs'\nwarning: no files found matching '*.jpg' under directory 'docs'\nwarning: no files found matching '*.png' under directory 'docs'\nwarning: no files found matching '*.gif' under directory 'docs'\nwriting manifest file 'retox.egg-info/SOURCES.txt'\nrunning build_ext\ntest_nothing (test.test_nothing.TestNothing) ... ok\n\n----------------------------------------------------------------------\nRan 1 test in 0.000s\n\nOK\n",
          "retcode": "0"
        }
      ]
    }
  },
  "installpkg": {
    "md5": "785910e13617da8011232121fac5b0fa",
    "sha256": "cc0d619aecac18f513be85152dadd6b8e7f6e806a8e02faaa60dc620b8b14de0",
    "basename": "retox-1.1.1.zip"
  }
}